2023-06-23 11:14:28,444 : INFO : Test_Login : test_login : 11 : Test Login is started
2023-06-23 11:14:28,668 : INFO : Test_Login : test_login : 13 : Invoking Browser And Opening URL
2023-06-23 11:14:36,129 : INFO : Test_Login : test_login : 17 : Clicking on Register link
2023-06-23 11:14:39,714 : INFO : Test_Login : test_login : 19 : Entering Email Addsress as: Unknown2023@gmail.com
2023-06-23 11:14:39,845 : INFO : Test_Login : test_login : 21 : Entering Password Addsress as: 1234512345
2023-06-23 11:14:42,272 : INFO : Test_Login : test_login : 23 : Clicking on Login Button
2023-06-23 11:14:45,537 : INFO : Test_Login : test_login : 26 : Status of the page is Captured
2023-06-23 11:14:49,096 : INFO : Test_Login : test_login : 28 : Test Login is Completed
2023-06-23 11:15:06,439 : INFO : Test_Login : test_login : 11 : Test Login is started
2023-06-23 11:15:06,440 : INFO : Test_Login : test_login : 13 : Invoking Browser And Opening URL
2023-06-23 11:15:12,270 : INFO : Test_Login : test_login : 17 : Clicking on Register link
2023-06-23 11:15:13,753 : INFO : Test_Login : test_login : 19 : Entering Email Addsress as: test@credence.in1
2023-06-23 11:15:14,268 : INFO : Test_Login : test_login : 21 : Entering Password Addsress as: test@123
2023-06-23 11:15:16,630 : INFO : Test_Login : test_login : 23 : Clicking on Login Button
2023-06-23 11:15:19,708 : INFO : Test_Login : test_login : 26 : Status of the page is Captured
2023-06-23 11:15:20,882 : INFO : Test_Login : test_login : 28 : Test Login is Completed
2023-06-23 18:08:21,625 : INFO : Test_Login : test_login_with_Config_File : 13 : Test Login is started
2023-06-23 18:08:21,625 : INFO : Test_Login : test_login_with_Config_File : 13 : Test Login is started
2023-06-23 18:08:21,664 : INFO : Test_Login : test_login_with_Config_File : 15 : Invoking Browser And Opening URL
2023-06-23 18:08:21,664 : INFO : Test_Login : test_login_with_Config_File : 15 : Invoking Browser And Opening URL
2023-06-23 18:08:33,772 : INFO : Test_Login : test_login_with_Config_File : 19 : Clicking on Register link
2023-06-23 18:08:33,772 : INFO : Test_Login : test_login_with_Config_File : 19 : Clicking on Register link
2023-06-23 18:08:34,796 : INFO : Test_Login : test_login_with_Config_File : 21 : Entering Email Addsress as: Unknown2023@gmail.com
2023-06-23 18:08:34,796 : INFO : Test_Login : test_login_with_Config_File : 21 : Entering Email Addsress as: Unknown2023@gmail.com
2023-06-23 18:08:35,324 : INFO : Test_Login : test_login_with_Config_File : 23 : Entering Password Addsress as: 1234512345
2023-06-23 18:08:35,324 : INFO : Test_Login : test_login_with_Config_File : 23 : Entering Password Addsress as: 1234512345
2023-06-23 18:08:37,325 : INFO : Test_Login : test_login_with_Config_File : 25 : Clicking on Login Button
2023-06-23 18:08:37,325 : INFO : Test_Login : test_login_with_Config_File : 25 : Clicking on Login Button
2023-06-23 18:08:40,153 : INFO : Test_Login : test_login_with_Config_File : 28 : Status of the page is Captured
2023-06-23 18:08:40,153 : INFO : Test_Login : test_login_with_Config_File : 28 : Status of the page is Captured
2023-06-23 18:08:42,528 : INFO : Test_Login : test_login_with_Config_File : 30 : Test Login is Completed
2023-06-23 18:08:42,528 : INFO : Test_Login : test_login_with_Config_File : 30 : Test Login is Completed
2023-06-23 18:09:44,595 : INFO : Test_Login : test_login_with_Config_File : 13 : Test Login is started
2023-06-23 18:09:44,595 : INFO : Test_Login : test_login_with_Config_File : 13 : Test Login is started
2023-06-23 18:09:44,596 : INFO : Test_Login : test_login_with_Config_File : 15 : Invoking Browser And Opening URL
2023-06-23 18:09:44,596 : INFO : Test_Login : test_login_with_Config_File : 15 : Invoking Browser And Opening URL
2023-06-23 18:09:47,639 : INFO : Test_Login : test_login_with_Config_File : 19 : Clicking on Register link
2023-06-23 18:09:47,639 : INFO : Test_Login : test_login_with_Config_File : 19 : Clicking on Register link
2023-06-23 18:09:47,834 : INFO : Test_Login : test_login_with_Config_File : 21 : Entering Email Addsress as: Unknown2023@gmail.com
2023-06-23 18:09:47,834 : INFO : Test_Login : test_login_with_Config_File : 21 : Entering Email Addsress as: Unknown2023@gmail.com
2023-06-23 18:09:47,977 : INFO : Test_Login : test_login_with_Config_File : 23 : Entering Password Addsress as: 1234512345
2023-06-23 18:09:47,977 : INFO : Test_Login : test_login_with_Config_File : 23 : Entering Password Addsress as: 1234512345
2023-06-23 18:09:49,750 : INFO : Test_Login : test_login_with_Config_File : 25 : Clicking on Login Button
2023-06-23 18:09:49,750 : INFO : Test_Login : test_login_with_Config_File : 25 : Clicking on Login Button
2023-06-23 18:09:52,105 : INFO : Test_Login : test_login_with_Config_File : 28 : Status of the page is Captured
2023-06-23 18:09:52,105 : INFO : Test_Login : test_login_with_Config_File : 28 : Status of the page is Captured
2023-06-23 18:09:56,066 : INFO : Test_Login : test_login_with_Config_File : 30 : Test Login is Completed
2023-06-23 18:09:56,066 : INFO : Test_Login : test_login_with_Config_File : 30 : Test Login is Completed
2023-06-23 18:13:53,881 : INFO : Test_Login : test_login_with_Config_File : 13 : Test Login is started
2023-06-23 18:13:53,881 : INFO : Test_Login : test_login_with_Config_File : 13 : Test Login is started
2023-06-23 18:13:53,882 : INFO : Test_Login : test_login_with_Config_File : 15 : Invoking Browser And Opening URL
2023-06-23 18:13:53,882 : INFO : Test_Login : test_login_with_Config_File : 15 : Invoking Browser And Opening URL
2023-06-23 18:13:57,004 : INFO : Test_Login : test_login_with_Config_File : 19 : Clicking on Register link
2023-06-23 18:13:57,004 : INFO : Test_Login : test_login_with_Config_File : 19 : Clicking on Register link
2023-06-23 18:13:57,148 : INFO : Test_Login : test_login_with_Config_File : 21 : Entering Email Addsress as: Unknown2023@gmail.com
2023-06-23 18:13:57,148 : INFO : Test_Login : test_login_with_Config_File : 21 : Entering Email Addsress as: Unknown2023@gmail.com
2023-06-23 18:13:57,256 : INFO : Test_Login : test_login_with_Config_File : 23 : Entering Password Addsress as: 1234512345
2023-06-23 18:13:57,256 : INFO : Test_Login : test_login_with_Config_File : 23 : Entering Password Addsress as: 1234512345
2023-06-23 18:13:58,978 : INFO : Test_Login : test_login_with_Config_File : 25 : Clicking on Login Button
2023-06-23 18:13:58,978 : INFO : Test_Login : test_login_with_Config_File : 25 : Clicking on Login Button
2023-06-23 18:14:01,192 : INFO : Test_Login : test_login_with_Config_File : 28 : Status of the page is Captured
2023-06-23 18:14:01,192 : INFO : Test_Login : test_login_with_Config_File : 28 : Status of the page is Captured
2023-06-23 18:14:01,236 : INFO : Test_Login : test_login_with_Config_File : 30 : Test Login is Completed
2023-06-23 18:14:01,236 : INFO : Test_Login : test_login_with_Config_File : 30 : Test Login is Completed
