2023-06-28 14:57:27,126 : INFO : test_login : test_login : 17 : Test Login is started
2023-06-28 14:57:27,142 : INFO : test_login : test_login : 19 : Invoking Browser And Opening URL
2023-06-28 14:57:30,414 : INFO : test_login : test_login : 23 : Clicking on Register link
2023-06-28 14:57:30,770 : INFO : test_login : test_login : 25 : Entering Email Addsress as: Unknown2023@gmail.com
2023-06-28 14:57:30,921 : INFO : test_login : test_login : 27 : Entering Password Addsress as: 1234512345
2023-06-28 14:57:32,595 : INFO : test_login : test_login : 29 : Clicking on Login Button
2023-06-28 14:57:34,802 : INFO : test_login : test_login : 32 : Status of the page is Captured
2023-06-28 14:57:34,878 : INFO : test_login : test_login : 34 : Test Login is Completed
2023-06-28 14:57:44,197 : INFO : test_login : test_login : 17 : Test Login is started
2023-06-28 14:57:44,197 : INFO : test_login : test_login : 17 : Test Login is started
2023-06-28 14:57:44,197 : INFO : test_login : test_login : 19 : Invoking Browser And Opening URL
2023-06-28 14:57:44,197 : INFO : test_login : test_login : 19 : Invoking Browser And Opening URL
2023-06-28 14:57:47,640 : INFO : test_login : test_login : 23 : Clicking on Register link
2023-06-28 14:57:47,640 : INFO : test_login : test_login : 23 : Clicking on Register link
2023-06-28 14:57:47,777 : INFO : test_login : test_login : 25 : Entering Email Addsress as: test@credence.in1
2023-06-28 14:57:47,777 : INFO : test_login : test_login : 25 : Entering Email Addsress as: test@credence.in1
2023-06-28 14:57:47,867 : INFO : test_login : test_login : 27 : Entering Password Addsress as: test@123
2023-06-28 14:57:47,867 : INFO : test_login : test_login : 27 : Entering Password Addsress as: test@123
2023-06-28 14:57:48,946 : INFO : test_login : test_login : 29 : Clicking on Login Button
2023-06-28 14:57:48,946 : INFO : test_login : test_login : 29 : Clicking on Login Button
2023-06-28 14:57:51,071 : INFO : test_login : test_login : 32 : Status of the page is Captured
2023-06-28 14:57:51,071 : INFO : test_login : test_login : 32 : Status of the page is Captured
2023-06-28 14:57:51,094 : INFO : test_login : test_login : 34 : Test Login is Completed
2023-06-28 14:57:51,094 : INFO : test_login : test_login : 34 : Test Login is Completed
